  stdafx.cpp
  Lab1PCI.cpp
d:\git\iapd\lab1_pci\lab1_pci\pci_lib.h(924): warning C4566: символ, представленный универсальным именем символа "\u00E3", невозможно представить в текущей кодовой странице (1251)
d:\git\iapd\lab1_pci\lab1_pci\pci_lib.h(1446): warning C4566: символ, представленный универсальным именем символа "\u00C2", невозможно представить в текущей кодовой странице (1251)
d:\git\iapd\lab1_pci\lab1_pci\pci_lib.h(1556): warning C4129: V: неизвестная escape-последовательность
d:\git\iapd\lab1_pci\lab1_pci\pci_lib.h(1557): warning C4129: V: неизвестная escape-последовательность
d:\git\iapd\lab1_pci\lab1_pci\pci_lib.h(1558): warning C4129: V: неизвестная escape-последовательность
d:\git\iapd\lab1_pci\lab1_pci\pci_lib.h(1791): warning C4566: символ, представленный универсальным именем символа "\u00D0", невозможно представить в текущей кодовой странице (1251)
d:\git\iapd\lab1_pci\lab1_pci\pci_lib.h(1791): warning C4566: символ, представленный универсальным именем символа "\u0090", невозможно представить в текущей кодовой странице (1251)
d:\git\iapd\lab1_pci\lab1_pci\pci_lib.h(1791): warning C4566: символ, представленный универсальным именем символа "\u00D1", невозможно представить в текущей кодовой странице (1251)
d:\git\iapd\lab1_pci\lab1_pci\pci_lib.h(1791): warning C4566: символ, представленный универсальным именем символа "\u0192", невозможно представить в текущей кодовой странице (1251)
d:\git\iapd\lab1_pci\lab1_pci\pci_lib.h(1791): warning C4566: символ, представленный универсальным именем символа "\u00B4", невозможно представить в текущей кодовой странице (1251)
d:\git\iapd\lab1_pci\lab1_pci\pci_lib.h(1791): warning C4566: символ, представленный универсальным именем символа "\u00B8", невозможно представить в текущей кодовой странице (1251)
d:\git\iapd\lab1_pci\lab1_pci\pci_lib.h(1791): warning C4566: символ, представленный универсальным именем символа "\u00BE", невозможно представить в текущей кодовой странице (1251)
d:\git\iapd\lab1_pci\lab1_pci\pci_lib.h(1791): warning C4566: символ, представленный универсальным именем символа "\u0161", невозможно представить в текущей кодовой странице (1251)
d:\git\iapd\lab1_pci\lab1_pci\pci_lib.h(1791): warning C4566: символ, представленный универсальным именем символа "\u017E", невозможно представить в текущей кодовой странице (1251)
d:\git\iapd\lab1_pci\lab1_pci\pci_lib.h(2603): warning C4566: символ, представленный универсальным именем символа "\u00C3", невозможно представить в текущей кодовой странице (1251)
d:\git\iapd\lab1_pci\lab1_pci\pci_lib.h(2603): warning C4566: символ, представленный универсальным именем символа "\u0090", невозможно представить в текущей кодовой странице (1251)
d:\git\iapd\lab1_pci\lab1_pci\pci_lib.h(2603): warning C4566: символ, представленный универсальным именем символа "\u00C2", невозможно представить в текущей кодовой странице (1251)
d:\git\iapd\lab1_pci\lab1_pci\pci_lib.h(2603): warning C4566: символ, представленный универсальным именем символа "\u00B8", невозможно представить в текущей кодовой странице (1251)
d:\git\iapd\lab1_pci\lab1_pci\pci_lib.h(3458): warning C4566: символ, представленный универсальным именем символа "\u00D0", невозможно представить в текущей кодовой странице (1251)
d:\git\iapd\lab1_pci\lab1_pci\pci_lib.h(3458): warning C4566: символ, представленный универсальным именем символа "\u00A1", невозможно представить в текущей кодовой странице (1251)
d:\git\iapd\lab1_pci\lab1_pci\pci_lib.h(3458): warning C4566: символ, представленный универсальным именем символа "\u00D1", невозможно представить в текущей кодовой странице (1251)
d:\git\iapd\lab1_pci\lab1_pci\pci_lib.h(3458): warning C4566: символ, представленный универсальным именем символа "\u00B8", невозможно представить в текущей кодовой странице (1251)
d:\git\iapd\lab1_pci\lab1_pci\pci_lib.h(4411): warning C4566: символ, представленный универсальным именем символа "\u00ED", невозможно представить в текущей кодовой странице (1251)
d:\git\iapd\lab1_pci\lab1_pci\pci_lib.h(4426): warning C4566: символ, представленный универсальным именем символа "\u00C3", невозможно представить в текущей кодовой странице (1251)
d:\git\iapd\lab1_pci\lab1_pci\pci_lib.h(4426): warning C4566: символ, представленный универсальным именем символа "\u00A2", невозможно представить в текущей кодовой странице (1251)
d:\git\iapd\lab1_pci\lab1_pci\pci_lib.h(4426): warning C4566: символ, представленный универсальным именем символа "\u00E2", невозможно представить в текущей кодовой странице (1251)
d:\git\iapd\lab1_pci\lab1_pci\pci_lib.h(4426): warning C4566: символ, представленный универсальным именем символа "\u00C5", невозможно представить в текущей кодовой странице (1251)
d:\git\iapd\lab1_pci\lab1_pci\pci_lib.h(4426): warning C4566: символ, представленный универсальным именем символа "\u00BE", невозможно представить в текущей кодовой странице (1251)
d:\git\iapd\lab1_pci\lab1_pci\pci_lib.h(4426): warning C4566: символ, представленный универсальным именем символа "\u00C2", невозможно представить в текущей кодовой странице (1251)
d:\git\iapd\lab1_pci\lab1_pci\pci_lib.h(4511): warning C4566: символ, представленный универсальным именем символа "\u00B4", невозможно представить в текущей кодовой странице (1251)
d:\git\iapd\lab1_pci\lab1_pci\pci_lib.h(6076): warning C4566: символ, представленный универсальным именем символа "\u00D0", невозможно представить в текущей кодовой странице (1251)
d:\git\iapd\lab1_pci\lab1_pci\pci_lib.h(6076): warning C4566: символ, представленный универсальным именем символа "\u00A1", невозможно представить в текущей кодовой странице (1251)
d:\git\iapd\lab1_pci\lab1_pci\pci_lib.h(6076): warning C4566: символ, представленный универсальным именем символа "\u00B8", невозможно представить в текущей кодовой странице (1251)
d:\git\iapd\lab1_pci\lab1_pci\pci_lib.h(6076): warning C4566: символ, представленный универсальным именем символа "\u00D1", невозможно представить в текущей кодовой странице (1251)
d:\git\iapd\lab1_pci\lab1_pci\pci_lib.h(6076): warning C4566: символ, представленный универсальным именем символа "\u0081", невозможно представить в текущей кодовой странице (1251)
d:\git\iapd\lab1_pci\lab1_pci\pci_lib.h(6076): warning C4566: символ, представленный универсальным именем символа "\u00BC", невозможно представить в текущей кодовой странице (1251)
d:\git\iapd\lab1_pci\lab1_pci\pci_lib.h(6076): warning C4566: символ, представленный универсальным именем символа "\u00A3", невозможно представить в текущей кодовой странице (1251)
d:\git\iapd\lab1_pci\lab1_pci\pci_lib.h(6076): warning C4566: символ, представленный универсальным именем символа "\u00BF", невозможно представить в текущей кодовой странице (1251)
d:\git\iapd\lab1_pci\lab1_pci\pci_lib.h(6076): warning C4566: символ, представленный универсальным именем символа "\u00B2", невозможно представить в текущей кодовой странице (1251)
d:\git\iapd\lab1_pci\lab1_pci\pci_lib.h(6076): warning C4566: символ, представленный универсальным именем символа "\u00BD", невозможно представить в текущей кодовой странице (1251)
d:\git\iapd\lab1_pci\lab1_pci\pci_lib.h(6332): warning C4566: символ, представленный универсальным именем символа "\u00D0", невозможно представить в текущей кодовой странице (1251)
d:\git\iapd\lab1_pci\lab1_pci\pci_lib.h(6332): warning C4566: символ, представленный универсальным именем символа "\u0161", невозможно представить в текущей кодовой странице (1251)
d:\git\iapd\lab1_pci\lab1_pci\pci_lib.h(6332): warning C4566: символ, представленный универсальным именем символа "\u00D1", невозможно представить в текущей кодовой странице (1251)
d:\git\iapd\lab1_pci\lab1_pci\pci_lib.h(7830): warning C4566: символ, представленный универсальным именем символа "\u00D0", невозможно представить в текущей кодовой странице (1251)
d:\git\iapd\lab1_pci\lab1_pci\pci_lib.h(7830): warning C4566: символ, представленный универсальным именем символа "\u0178", невозможно представить в текущей кодовой странице (1251)
d:\git\iapd\lab1_pci\lab1_pci\pci_lib.h(7830): warning C4566: символ, представленный универсальным именем символа "\u00D1", невозможно представить в текущей кодовой странице (1251)
d:\git\iapd\lab1_pci\lab1_pci\pci_lib.h(7830): warning C4566: символ, представленный универсальным именем символа "\u0081", невозможно представить в текущей кодовой странице (1251)
d:\git\iapd\lab1_pci\lab1_pci\pci_lib.h(7830): warning C4566: символ, представленный универсальным именем символа "\u00BF", невозможно представить в текущей кодовой странице (1251)
d:\git\iapd\lab1_pci\lab1_pci\pci_lib.h(7830): warning C4566: символ, представленный универсальным именем символа "\u0153", невозможно представить в текущей кодовой странице (1251)
d:\git\iapd\lab1_pci\lab1_pci\pci_lib.h(7830): warning C4566: символ, представленный универсальным именем символа "\u00BE", невозможно представить в текущей кодовой странице (1251)
d:\git\iapd\lab1_pci\lab1_pci\pci_lib.h(7830): warning C4566: символ, представленный универсальным именем символа "\u00B4", невозможно представить в текущей кодовой странице (1251)
d:\git\iapd\lab1_pci\lab1_pci\pci_lib.h(7830): warning C4566: символ, представленный универсальным именем символа "\u00BC", невозможно представить в текущей кодовой странице (1251)
d:\git\iapd\lab1_pci\lab1_pci\lab1pci.cpp(31): warning C4018: <: несоответствие типов со знаком и без знака
Lab1PCI.obj : error LNK2019: ссылка на неразрешенный внешний символ __imp__SetupDiEnumDeviceInfo@12 в функции "class std::vector<class std::basic_string<char,struct std::char_traits<char>,class std::allocator<char> >,class std::allocator<class std::basic_string<char,struct std::char_traits<char>,class std::allocator<char> > > > __cdecl getInfo(void *,struct _SP_DEVINFO_DATA)" (?getInfo@@YA?AV?$vector@V?$basic_string@DU?$char_traits@D@std@@V?$allocator@D@2@@std@@V?$allocator@V?$basic_string@DU?$char_traits@D@std@@V?$allocator@D@2@@std@@@2@@std@@PAXU_SP_DEVINFO_DATA@@@Z)
Lab1PCI.obj : error LNK2019: ссылка на неразрешенный внешний символ __imp__SetupDiGetClassDevsA@16 в функции _main
Lab1PCI.obj : error LNK2019: ссылка на неразрешенный внешний символ __imp__SetupDiGetDeviceRegistryPropertyA@28 в функции "class std::vector<class std::basic_string<char,struct std::char_traits<char>,class std::allocator<char> >,class std::allocator<class std::basic_string<char,struct std::char_traits<char>,class std::allocator<char> > > > __cdecl getInfo(void *,struct _SP_DEVINFO_DATA)" (?getInfo@@YA?AV?$vector@V?$basic_string@DU?$char_traits@D@std@@V?$allocator@D@2@@std@@V?$allocator@V?$basic_string@DU?$char_traits@D@std@@V?$allocator@D@2@@std@@@2@@std@@PAXU_SP_DEVINFO_DATA@@@Z)
D:\Git\IaPD\Lab1_PCI\Debug\Lab1_PCI.exe : fatal error LNK1120: неразрешенных внешних элементов: 3
