  Lab12.cpp
d:\git\iapd\lab1.2\lab1.2\pci_lib.h(926): warning C4566: символ, представленный универсальным именем символа "\u00E3", невозможно представить в текущей кодовой странице (1251)
d:\git\iapd\lab1.2\lab1.2\pci_lib.h(1793): warning C4566: символ, представленный универсальным именем символа "\u00D0", невозможно представить в текущей кодовой странице (1251)
d:\git\iapd\lab1.2\lab1.2\pci_lib.h(1793): warning C4566: символ, представленный универсальным именем символа "\u0090", невозможно представить в текущей кодовой странице (1251)
d:\git\iapd\lab1.2\lab1.2\pci_lib.h(1793): warning C4566: символ, представленный универсальным именем символа "\u00D1", невозможно представить в текущей кодовой странице (1251)
d:\git\iapd\lab1.2\lab1.2\pci_lib.h(1793): warning C4566: символ, представленный универсальным именем символа "\u0192", невозможно представить в текущей кодовой странице (1251)
d:\git\iapd\lab1.2\lab1.2\pci_lib.h(1793): warning C4566: символ, представленный универсальным именем символа "\u00B4", невозможно представить в текущей кодовой странице (1251)
d:\git\iapd\lab1.2\lab1.2\pci_lib.h(1793): warning C4566: символ, представленный универсальным именем символа "\u00B8", невозможно представить в текущей кодовой странице (1251)
d:\git\iapd\lab1.2\lab1.2\pci_lib.h(1793): warning C4566: символ, представленный универсальным именем символа "\u00BE", невозможно представить в текущей кодовой странице (1251)
d:\git\iapd\lab1.2\lab1.2\pci_lib.h(1793): warning C4566: символ, представленный универсальным именем символа "\u0161", невозможно представить в текущей кодовой странице (1251)
d:\git\iapd\lab1.2\lab1.2\pci_lib.h(1793): warning C4566: символ, представленный универсальным именем символа "\u017E", невозможно представить в текущей кодовой странице (1251)
d:\git\iapd\lab1.2\lab1.2\pci_lib.h(2605): warning C4566: символ, представленный универсальным именем символа "\u00C3", невозможно представить в текущей кодовой странице (1251)
d:\git\iapd\lab1.2\lab1.2\pci_lib.h(2605): warning C4566: символ, представленный универсальным именем символа "\u0090", невозможно представить в текущей кодовой странице (1251)
d:\git\iapd\lab1.2\lab1.2\pci_lib.h(2605): warning C4566: символ, представленный универсальным именем символа "\u00C2", невозможно представить в текущей кодовой странице (1251)
d:\git\iapd\lab1.2\lab1.2\pci_lib.h(2605): warning C4566: символ, представленный универсальным именем символа "\u00B8", невозможно представить в текущей кодовой странице (1251)
d:\git\iapd\lab1.2\lab1.2\pci_lib.h(3460): warning C4566: символ, представленный универсальным именем символа "\u00D0", невозможно представить в текущей кодовой странице (1251)
d:\git\iapd\lab1.2\lab1.2\pci_lib.h(3460): warning C4566: символ, представленный универсальным именем символа "\u00A1", невозможно представить в текущей кодовой странице (1251)
d:\git\iapd\lab1.2\lab1.2\pci_lib.h(3460): warning C4566: символ, представленный универсальным именем символа "\u00D1", невозможно представить в текущей кодовой странице (1251)
d:\git\iapd\lab1.2\lab1.2\pci_lib.h(3460): warning C4566: символ, представленный универсальным именем символа "\u00B8", невозможно представить в текущей кодовой странице (1251)
d:\git\iapd\lab1.2\lab1.2\pci_lib.h(4413): warning C4566: символ, представленный универсальным именем символа "\u00ED", невозможно представить в текущей кодовой странице (1251)
d:\git\iapd\lab1.2\lab1.2\pci_lib.h(4513): warning C4566: символ, представленный универсальным именем символа "\u00B4", невозможно представить в текущей кодовой странице (1251)
d:\git\iapd\lab1.2\lab1.2\pci_lib.h(6078): warning C4566: символ, представленный универсальным именем символа "\u00D0", невозможно представить в текущей кодовой странице (1251)
d:\git\iapd\lab1.2\lab1.2\pci_lib.h(6078): warning C4566: символ, представленный универсальным именем символа "\u00A1", невозможно представить в текущей кодовой странице (1251)
d:\git\iapd\lab1.2\lab1.2\pci_lib.h(6078): warning C4566: символ, представленный универсальным именем символа "\u00B8", невозможно представить в текущей кодовой странице (1251)
d:\git\iapd\lab1.2\lab1.2\pci_lib.h(6078): warning C4566: символ, представленный универсальным именем символа "\u00D1", невозможно представить в текущей кодовой странице (1251)
d:\git\iapd\lab1.2\lab1.2\pci_lib.h(6078): warning C4566: символ, представленный универсальным именем символа "\u0081", невозможно представить в текущей кодовой странице (1251)
d:\git\iapd\lab1.2\lab1.2\pci_lib.h(6078): warning C4566: символ, представленный универсальным именем символа "\u00BC", невозможно представить в текущей кодовой странице (1251)
d:\git\iapd\lab1.2\lab1.2\pci_lib.h(6078): warning C4566: символ, представленный универсальным именем символа "\u00A3", невозможно представить в текущей кодовой странице (1251)
d:\git\iapd\lab1.2\lab1.2\pci_lib.h(6078): warning C4566: символ, представленный универсальным именем символа "\u00BF", невозможно представить в текущей кодовой странице (1251)
d:\git\iapd\lab1.2\lab1.2\pci_lib.h(6078): warning C4566: символ, представленный универсальным именем символа "\u00B2", невозможно представить в текущей кодовой странице (1251)
d:\git\iapd\lab1.2\lab1.2\pci_lib.h(6078): warning C4566: символ, представленный универсальным именем символа "\u00BD", невозможно представить в текущей кодовой странице (1251)
d:\git\iapd\lab1.2\lab1.2\pci_lib.h(6334): warning C4566: символ, представленный универсальным именем символа "\u00D0", невозможно представить в текущей кодовой странице (1251)
d:\git\iapd\lab1.2\lab1.2\pci_lib.h(6334): warning C4566: символ, представленный универсальным именем символа "\u0161", невозможно представить в текущей кодовой странице (1251)
d:\git\iapd\lab1.2\lab1.2\pci_lib.h(6334): warning C4566: символ, представленный универсальным именем символа "\u00D1", невозможно представить в текущей кодовой странице (1251)
d:\git\iapd\lab1.2\lab1.2\pci_lib.h(7832): warning C4566: символ, представленный универсальным именем символа "\u00D0", невозможно представить в текущей кодовой странице (1251)
d:\git\iapd\lab1.2\lab1.2\pci_lib.h(7832): warning C4566: символ, представленный универсальным именем символа "\u0178", невозможно представить в текущей кодовой странице (1251)
d:\git\iapd\lab1.2\lab1.2\pci_lib.h(7832): warning C4566: символ, представленный универсальным именем символа "\u00D1", невозможно представить в текущей кодовой странице (1251)
d:\git\iapd\lab1.2\lab1.2\pci_lib.h(7832): warning C4566: символ, представленный универсальным именем символа "\u0081", невозможно представить в текущей кодовой странице (1251)
d:\git\iapd\lab1.2\lab1.2\pci_lib.h(7832): warning C4566: символ, представленный универсальным именем символа "\u00BF", невозможно представить в текущей кодовой странице (1251)
d:\git\iapd\lab1.2\lab1.2\pci_lib.h(7832): warning C4566: символ, представленный универсальным именем символа "\u0153", невозможно представить в текущей кодовой странице (1251)
d:\git\iapd\lab1.2\lab1.2\pci_lib.h(7832): warning C4566: символ, представленный универсальным именем символа "\u00BE", невозможно представить в текущей кодовой странице (1251)
d:\git\iapd\lab1.2\lab1.2\pci_lib.h(7832): warning C4566: символ, представленный универсальным именем символа "\u00B4", невозможно представить в текущей кодовой странице (1251)
d:\git\iapd\lab1.2\lab1.2\pci_lib.h(7832): warning C4566: символ, представленный универсальным именем символа "\u00BC", невозможно представить в текущей кодовой странице (1251)
d:\git\iapd\lab1.2\lab1.2\lab12.cpp(41): warning C4018: <: несоответствие типов со знаком и без знака
  Lab1.2.vcxproj -> D:\Git\IaPD\Lab1.2\Debug\Lab1.2.exe
  Lab1.2.vcxproj -> D:\Git\IaPD\Lab1.2\Debug\Lab1.2.pdb (Partial PDB)
